<?xml version="1.0" encoding="UTF-8"?>
<!-- Generated by org.testng.reporters.JUnitReportReporter -->
<testsuite hostname="DESKTOP-QKR7TA2" failures="0" tests="1" name="com.training.sanity.tests.LoginTests" time="31.059" errors="0" timestamp="19 Jun 2019 09:38:42 GMT" skipped="0">
  <testcase classname="com.training.sanity.tests.LoginTests" name="validLoginTest" time="31.059"/>
</testsuite> <!-- com.training.sanity.tests.LoginTests -->
