<?xml version="1.0" encoding="UTF-8"?>
<!-- Generated by org.testng.reporters.JUnitReportReporter -->
<testsuite hostname="DESKTOP-QKR7TA2" failures="0" tests="1" name="com.training.sanity.tests.Loginmainpage" time="14.131" errors="0" timestamp="19 Jun 2019 10:02:23 GMT" skipped="0">
  <testcase classname="com.training.sanity.tests.Loginmainpage" name="validLoginTest" time="14.131"/>
</testsuite> <!-- com.training.sanity.tests.Loginmainpage -->
